!SESSION 2021-09-20 12:01:30.596 -----------------------------------------------
eclipse.buildId=unknown
java.version=1.8.0_121
java.vendor=Oracle Corporation
BootLoader constants: OS=win32, ARCH=x86_64, WS=win32, NL=en

!ENTRY org.eclipse.osgi 4 0 2021-09-20 12:01:36.316
!MESSAGE Error reading configuration: ReliableFile is corrupt
!STACK 0
java.io.IOException: ReliableFile is corrupt
	at org.eclipse.osgi.framework.internal.reliablefile.ReliableFile.getInputStream(ReliableFile.java:334)
	at org.eclipse.osgi.framework.internal.reliablefile.ReliableFileInputStream.<init>(ReliableFileInputStream.java:92)
	at org.eclipse.osgi.framework.internal.reliablefile.ReliableFileInputStream.<init>(ReliableFileInputStream.java:66)
	at org.eclipse.osgi.storagemanager.StorageManager.updateTable(StorageManager.java:487)
	at org.eclipse.osgi.storagemanager.StorageManager.open(StorageManager.java:708)
	at org.eclipse.osgi.storage.Storage.getChildStorageManager(Storage.java:1792)
	at org.eclipse.osgi.storage.Storage.getInfoInputStream(Storage.java:1809)
	at org.eclipse.osgi.storage.Storage.<init>(Storage.java:129)
	at org.eclipse.osgi.storage.Storage.createStorage(Storage.java:88)
	at org.eclipse.osgi.internal.framework.EquinoxContainer.<init>(EquinoxContainer.java:66)
	at org.eclipse.osgi.launch.Equinox.<init>(Equinox.java:31)
	at org.eclipse.core.runtime.adaptor.EclipseStarter.startup(EclipseStarter.java:303)
	at org.eclipse.core.runtime.adaptor.EclipseStarter.run(EclipseStarter.java:239)
	at sun.reflect.NativeMethodAccessorImpl.invoke0(Native Method)
	at sun.reflect.NativeMethodAccessorImpl.invoke(NativeMethodAccessorImpl.java:62)
	at sun.reflect.DelegatingMethodAccessorImpl.invoke(DelegatingMethodAccessorImpl.java:43)
	at java.lang.reflect.Method.invoke(Method.java:498)
	at org.eclipse.equinox.launcher.Main.invokeFramework(Main.java:673)
	at org.eclipse.equinox.launcher.Main.basicRun(Main.java:610)
	at org.eclipse.equinox.launcher.Main.run(Main.java:1519)
	at org.eclipse.equinox.launcher.Main.main(Main.java:1492)
